1706550082300	geckodriver	INFO	Listening on 127.0.0.1:58708
1706550082803	mozrunner::runner	INFO	Running command: MOZ_CRASHREPORTER="1" MOZ_CRASHREPORTER_NO_REPORT="1" MOZ_CRASHREPORTER_SHUTDOWN="1" MOZ_NO_REMOTE="1" "/App ... s" "localhost" "-foreground" "-no-remote" "-profile" "/var/folders/xj/ryfqf_996gg4ztxq4sfr3t340000gn/T/rust_mozprofileHQe7XG"
console.warn: services.settings: Ignoring preference override of remote settings server
console.warn: services.settings: Allow by setting MOZ_REMOTE_SETTINGS_DEVTOOLS=1 in the environment
1706550083675	Marionette	INFO	Marionette enabled
console.error: "Warning: unrecognized command line flag" "-remote-allow-hosts"
1706550084590	Marionette	INFO	Listening on port 58715
WebDriver BiDi listening on ws://127.0.0.1:58709
Read port: 58715
1706550085212	RemoteAgent	WARN	TLS certificate errors will be ignored for this session
2024-01-29 18:41:25.651 plugin-container[35920:493665] nil host used in call to allowsSpecificHTTPSCertificateForHost
2024-01-29 18:41:25.651 plugin-container[35920:493665] nil host used in call to allowsAnyHTTPSCertificateForHost:
2024-01-29 18:41:25.662 plugin-container[35920:493665] nil host used in call to allowsSpecificHTTPSCertificateForHost
2024-01-29 18:41:25.662 plugin-container[35920:493665] nil host used in call to allowsAnyHTTPSCertificateForHost:
2024-01-29 18:41:25.662 plugin-container[35920:493689] nil host used in call to allowsSpecificHTTPSCertificateForHost
2024-01-29 18:41:25.662 plugin-container[35920:493689] nil host used in call to allowsAnyHTTPSCertificateForHost:
DevTools listening on ws://127.0.0.1:58709/devtools/browser/6f26d2a1-632e-46e5-a2f2-8f0be36ec9ec
2024-01-29 17:41:28.186 plugin-container[35936:493969] nil host used in call to allowsSpecificHTTPSCertificateForHost
2024-01-29 17:41:28.187 plugin-container[35936:493969] nil host used in call to allowsAnyHTTPSCertificateForHost:
2024-01-29 17:41:28.195 plugin-container[35936:493969] nil host used in call to allowsSpecificHTTPSCertificateForHost
2024-01-29 17:41:28.195 plugin-container[35936:493969] nil host used in call to allowsAnyHTTPSCertificateForHost:
2024-01-29 17:41:28.196 plugin-container[35936:493979] nil host used in call to allowsSpecificHTTPSCertificateForHost
2024-01-29 17:41:28.196 plugin-container[35936:493979] nil host used in call to allowsAnyHTTPSCertificateForHost:
console.warn: LoginRecipes: "Falling back to a synchronous message for: https://conduit.mate.academy."
console.warn: LoginRecipes: "Falling back to a synchronous message for: https://conduit.mate.academy."
JavaScript error: resource://gre/modules/XULStore.sys.mjs, line 60: Error: Can't find profile directory.
1706550115973	addons.xpi	ERROR	System addon update list error SyntaxError: XMLHttpRequest.open: 'http://%(server)s/dummy-system-addons.xml' is not a valid URL.
1706550308315	Marionette	INFO	Stopped listening on port 58715
