1706266877151	geckodriver	INFO	Listening on 127.0.0.1:49326
1706266877682	mozrunner::runner	INFO	Running command: MOZ_CRASHREPORTER="1" MOZ_CRASHREPORTER_NO_REPORT="1" MOZ_CRASHREPORTER_SHUTDOWN="1" MOZ_NO_REMOTE="1" "/App ... s" "localhost" "-foreground" "-no-remote" "-profile" "/var/folders/xj/ryfqf_996gg4ztxq4sfr3t340000gn/T/rust_mozprofileVBv87r"
console.warn: services.settings: Ignoring preference override of remote settings server
console.warn: services.settings: Allow by setting MOZ_REMOTE_SETTINGS_DEVTOOLS=1 in the environment
1706266878605	Marionette	INFO	Marionette enabled
console.error: "Warning: unrecognized command line flag" "-remote-allow-hosts"
1706266879455	Marionette	INFO	Listening on port 49343
Read port: 49343
WebDriver BiDi listening on ws://127.0.0.1:49327
1706266879767	RemoteAgent	WARN	TLS certificate errors will be ignored for this session
2024-01-26 12:01:19.900 plugin-container[91871:906761] nil host used in call to allowsSpecificHTTPSCertificateForHost
2024-01-26 12:01:19.901 plugin-container[91871:906761] nil host used in call to allowsAnyHTTPSCertificateForHost:
2024-01-26 12:01:19.938 plugin-container[91871:906761] nil host used in call to allowsSpecificHTTPSCertificateForHost
2024-01-26 12:01:19.938 plugin-container[91871:906761] nil host used in call to allowsAnyHTTPSCertificateForHost:
2024-01-26 12:01:19.938 plugin-container[91871:906784] nil host used in call to allowsSpecificHTTPSCertificateForHost
2024-01-26 12:01:19.939 plugin-container[91871:906784] nil host used in call to allowsAnyHTTPSCertificateForHost:
DevTools listening on ws://127.0.0.1:49327/devtools/browser/ee5cba0c-5f70-4d7e-8945-971cc71168d1
2024-01-26 11:01:23.701 plugin-container[91890:906980] nil host used in call to allowsSpecificHTTPSCertificateForHost
2024-01-26 11:01:23.702 plugin-container[91890:906980] nil host used in call to allowsAnyHTTPSCertificateForHost:
2024-01-26 11:01:23.709 plugin-container[91890:906980] nil host used in call to allowsSpecificHTTPSCertificateForHost
2024-01-26 11:01:23.709 plugin-container[91890:906980] nil host used in call to allowsAnyHTTPSCertificateForHost:
2024-01-26 11:01:23.710 plugin-container[91890:907036] nil host used in call to allowsSpecificHTTPSCertificateForHost
2024-01-26 11:01:23.710 plugin-container[91890:907036] nil host used in call to allowsAnyHTTPSCertificateForHost:
1706266908665	addons.xpi	ERROR	System addon update list error SyntaxError: XMLHttpRequest.open: 'http://%(server)s/dummy-system-addons.xml' is not a valid URL.
1706267039419	Marionette	INFO	Stopped listening on port 49343
