1706550894153	geckodriver	INFO	Listening on 127.0.0.1:61303
1706550894688	mozrunner::runner	INFO	Running command: MOZ_CRASHREPORTER="1" MOZ_CRASHREPORTER_NO_REPORT="1" MOZ_CRASHREPORTER_SHUTDOWN="1" MOZ_NO_REMOTE="1" "/App ... s" "localhost" "-foreground" "-no-remote" "-profile" "/var/folders/xj/ryfqf_996gg4ztxq4sfr3t340000gn/T/rust_mozprofileFc2XpT"
console.warn: services.settings: Ignoring preference override of remote settings server
console.warn: services.settings: Allow by setting MOZ_REMOTE_SETTINGS_DEVTOOLS=1 in the environment
1706550896500	Marionette	INFO	Marionette enabled
console.error: "Warning: unrecognized command line flag" "-remote-allow-hosts"
1706550897554	Marionette	INFO	Listening on port 61329
WebDriver BiDi listening on ws://127.0.0.1:61304
Read port: 61329
2024-01-29 18:54:57.669 plugin-container[41291:536285] nil host used in call to allowsSpecificHTTPSCertificateForHost
2024-01-29 18:54:57.670 plugin-container[41291:536285] nil host used in call to allowsAnyHTTPSCertificateForHost:
2024-01-29 18:54:57.872 plugin-container[41291:536285] nil host used in call to allowsSpecificHTTPSCertificateForHost
2024-01-29 18:54:57.872 plugin-container[41291:536285] nil host used in call to allowsAnyHTTPSCertificateForHost:
2024-01-29 18:54:57.872 plugin-container[41291:536310] nil host used in call to allowsSpecificHTTPSCertificateForHost
2024-01-29 18:54:57.873 plugin-container[41291:536310] nil host used in call to allowsAnyHTTPSCertificateForHost:
1706550898098	RemoteAgent	WARN	TLS certificate errors will be ignored for this session
DevTools listening on ws://127.0.0.1:61304/devtools/browser/080a3144-6a97-42c4-8c62-bea0cac7eb5f
2024-01-29 17:55:02.623 plugin-container[41302:536600] nil host used in call to allowsSpecificHTTPSCertificateForHost
2024-01-29 17:55:02.623 plugin-container[41302:536600] nil host used in call to allowsAnyHTTPSCertificateForHost:
2024-01-29 17:55:02.631 plugin-container[41302:536600] nil host used in call to allowsSpecificHTTPSCertificateForHost
2024-01-29 17:55:02.631 plugin-container[41302:536600] nil host used in call to allowsAnyHTTPSCertificateForHost:
2024-01-29 17:55:02.632 plugin-container[41302:536669] nil host used in call to allowsSpecificHTTPSCertificateForHost
2024-01-29 17:55:02.632 plugin-container[41302:536669] nil host used in call to allowsAnyHTTPSCertificateForHost:
console.warn: LoginRecipes: "Falling back to a synchronous message for: https://conduit.mate.academy."
console.warn: LoginRecipes: "Falling back to a synchronous message for: https://conduit.mate.academy."
JavaScript error: resource://gre/modules/XULStore.sys.mjs, line 60: Error: Can't find profile directory.
1706550914366	Marionette	INFO	Stopped listening on port 61329
