1706551274980	geckodriver	INFO	Listening on 127.0.0.1:63010
1706551275501	mozrunner::runner	INFO	Running command: MOZ_CRASHREPORTER="1" MOZ_CRASHREPORTER_NO_REPORT="1" MOZ_CRASHREPORTER_SHUTDOWN="1" MOZ_NO_REMOTE="1" "/App ... s" "localhost" "-foreground" "-no-remote" "-profile" "/var/folders/xj/ryfqf_996gg4ztxq4sfr3t340000gn/T/rust_mozprofileGoDKR9"
console.warn: services.settings: Ignoring preference override of remote settings server
console.warn: services.settings: Allow by setting MOZ_REMOTE_SETTINGS_DEVTOOLS=1 in the environment
1706551276640	Marionette	INFO	Marionette enabled
console.error: "Warning: unrecognized command line flag" "-remote-allow-hosts"
1706551277683	Marionette	INFO	Listening on port 63031
WebDriver BiDi listening on ws://127.0.0.1:63011
Read port: 63031
1706551278215	RemoteAgent	WARN	TLS certificate errors will be ignored for this session
2024-01-29 19:01:18.597 plugin-container[43004:550068] nil host used in call to allowsSpecificHTTPSCertificateForHost
2024-01-29 19:01:18.599 plugin-container[43004:550068] nil host used in call to allowsAnyHTTPSCertificateForHost:
2024-01-29 19:01:18.810 plugin-container[43004:550068] nil host used in call to allowsSpecificHTTPSCertificateForHost
2024-01-29 19:01:18.810 plugin-container[43004:550068] nil host used in call to allowsAnyHTTPSCertificateForHost:
2024-01-29 19:01:18.811 plugin-container[43004:550072] nil host used in call to allowsSpecificHTTPSCertificateForHost
2024-01-29 19:01:18.811 plugin-container[43004:550072] nil host used in call to allowsAnyHTTPSCertificateForHost:
DevTools listening on ws://127.0.0.1:63011/devtools/browser/14ba6df5-79a9-430f-abce-1688f2317568
2024-01-29 18:01:22.764 plugin-container[43015:550377] nil host used in call to allowsSpecificHTTPSCertificateForHost
2024-01-29 18:01:22.765 plugin-container[43015:550377] nil host used in call to allowsAnyHTTPSCertificateForHost:
2024-01-29 18:01:22.780 plugin-container[43015:550377] nil host used in call to allowsSpecificHTTPSCertificateForHost
2024-01-29 18:01:22.780 plugin-container[43015:550377] nil host used in call to allowsAnyHTTPSCertificateForHost:
2024-01-29 18:01:22.781 plugin-container[43015:550478] nil host used in call to allowsSpecificHTTPSCertificateForHost
2024-01-29 18:01:22.781 plugin-container[43015:550478] nil host used in call to allowsAnyHTTPSCertificateForHost:
console.warn: LoginRecipes: "Falling back to a synchronous message for: https://conduit.mate.academy."
console.warn: LoginRecipes: "Falling back to a synchronous message for: https://conduit.mate.academy."
JavaScript error: resource:///modules/sessionstore/SessionStore.sys.mjs, line 3784: TypeError: this._windows[aWindow.__SSi] is undefined
JavaScript warning: https://www.googletagmanager.com/gtag/js?id=G-M2SP5EM44C&l=dataLayer&cx=c, line 481: Script terminated by timeout at:
ba.wh@https://www.googletagmanager.com/gtag/js?id=G-M2SP5EM44C&l=dataLayer&cx=c:481:89
get@https://www.googletagmanager.com/gtag/js?id=G-M2SP5EM44C&l=dataLayer&cx=c:479:119
stop@https://www.googletagmanager.com/gtag/js?id=G-M2SP5EM44C&l=dataLayer&cx=c:479:87
ba.Ok/c/<@https://www.googletagmanager.com/gtag/js?id=G-M2SP5EM44C&l=dataLayer&cx=c:479:412

1706551306679	addons.xpi	ERROR	System addon update list error SyntaxError: XMLHttpRequest.open: 'http://%(server)s/dummy-system-addons.xml' is not a valid URL.
