1706270870723	geckodriver	INFO	Listening on 127.0.0.1:49481
1706270871240	mozrunner::runner	INFO	Running command: MOZ_CRASHREPORTER="1" MOZ_CRASHREPORTER_NO_REPORT="1" MOZ_CRASHREPORTER_SHUTDOWN="1" MOZ_NO_REMOTE="1" "/App ... s" "localhost" "-foreground" "-no-remote" "-profile" "/var/folders/xj/ryfqf_996gg4ztxq4sfr3t340000gn/T/rust_mozprofileD7iAVi"
console.warn: services.settings: Ignoring preference override of remote settings server
console.warn: services.settings: Allow by setting MOZ_REMOTE_SETTINGS_DEVTOOLS=1 in the environment
1706270872032	Marionette	INFO	Marionette enabled
console.error: "Warning: unrecognized command line flag" "-remote-allow-hosts"
1706270873541	Marionette	INFO	Listening on port 49494
WebDriver BiDi listening on ws://127.0.0.1:49482
Read port: 
1706270873597	geckodriver::browser	WARN	Failed fo convert  to u16
Read port: 49494
2024-01-26 13:07:54.058 plugin-container[6673:1033258] nil host used in call to allowsSpecificHTTPSCertificateForHost
2024-01-26 13:07:54.059 plugin-container[6673:1033258] nil host used in call to allowsAnyHTTPSCertificateForHost:
2024-01-26 13:07:54.067 plugin-container[6673:1033258] nil host used in call to allowsSpecificHTTPSCertificateForHost
2024-01-26 13:07:54.067 plugin-container[6673:1033258] nil host used in call to allowsAnyHTTPSCertificateForHost:
2024-01-26 13:07:54.068 plugin-container[6673:1033270] nil host used in call to allowsSpecificHTTPSCertificateForHost
2024-01-26 13:07:54.068 plugin-container[6673:1033270] nil host used in call to allowsAnyHTTPSCertificateForHost:
1706270874894	RemoteAgent	WARN	TLS certificate errors will be ignored for this session
DevTools listening on ws://127.0.0.1:49482/devtools/browser/e8c21843-8fb1-4e7a-a865-3eac8d138ce2
2024-01-26 12:07:58.061 plugin-container[6693:1033644] nil host used in call to allowsSpecificHTTPSCertificateForHost
2024-01-26 12:07:58.062 plugin-container[6693:1033644] nil host used in call to allowsAnyHTTPSCertificateForHost:
2024-01-26 12:07:58.153 plugin-container[6693:1033644] nil host used in call to allowsSpecificHTTPSCertificateForHost
2024-01-26 12:07:58.153 plugin-container[6693:1033644] nil host used in call to allowsAnyHTTPSCertificateForHost:
2024-01-26 12:07:58.154 plugin-container[6693:1033647] nil host used in call to allowsSpecificHTTPSCertificateForHost
2024-01-26 12:07:58.154 plugin-container[6693:1033647] nil host used in call to allowsAnyHTTPSCertificateForHost:
console.warn: LoginRecipes: "Falling back to a synchronous message for: https://conduit.mate.academy."
console.warn: LoginRecipes: "Falling back to a synchronous message for: https://conduit.mate.academy."
JavaScript error: resource://gre/modules/XULStore.sys.mjs, line 60: Error: Can't find profile directory.
1706270905741	addons.xpi	ERROR	System addon update list error SyntaxError: XMLHttpRequest.open: 'http://%(server)s/dummy-system-addons.xml' is not a valid URL.
1706275342987	Marionette	INFO	Stopped listening on port 49494
