1706551310872	geckodriver	INFO	Listening on 127.0.0.1:63215
1706551311436	mozrunner::runner	INFO	Running command: MOZ_CRASHREPORTER="1" MOZ_CRASHREPORTER_NO_REPORT="1" MOZ_CRASHREPORTER_SHUTDOWN="1" MOZ_NO_REMOTE="1" "/App ... s" "localhost" "-foreground" "-no-remote" "-profile" "/var/folders/xj/ryfqf_996gg4ztxq4sfr3t340000gn/T/rust_mozprofilezyJCeh"
console.warn: services.settings: Ignoring preference override of remote settings server
console.warn: services.settings: Allow by setting MOZ_REMOTE_SETTINGS_DEVTOOLS=1 in the environment
1706551312856	Marionette	INFO	Marionette enabled
console.error: "Warning: unrecognized command line flag" "-remote-allow-hosts"
1706551314099	Marionette	INFO	Listening on port 63240
WebDriver BiDi listening on ws://127.0.0.1:63216
Read port: 63240
2024-01-29 19:01:54.541 plugin-container[43144:551432] nil host used in call to allowsSpecificHTTPSCertificateForHost
2024-01-29 19:01:54.542 plugin-container[43144:551432] nil host used in call to allowsAnyHTTPSCertificateForHost:
2024-01-29 19:01:54.642 plugin-container[43144:551432] nil host used in call to allowsSpecificHTTPSCertificateForHost
2024-01-29 19:01:54.647 plugin-container[43144:551432] nil host used in call to allowsAnyHTTPSCertificateForHost:
2024-01-29 19:01:54.648 plugin-container[43144:551436] nil host used in call to allowsSpecificHTTPSCertificateForHost
2024-01-29 19:01:54.648 plugin-container[43144:551436] nil host used in call to allowsAnyHTTPSCertificateForHost:
1706551314963	RemoteAgent	WARN	TLS certificate errors will be ignored for this session
DevTools listening on ws://127.0.0.1:63216/devtools/browser/e4f82a83-e3e8-4516-bba3-f93db944bfe2
2024-01-29 18:01:58.665 plugin-container[43159:551744] nil host used in call to allowsSpecificHTTPSCertificateForHost
2024-01-29 18:01:58.676 plugin-container[43159:551744] nil host used in call to allowsAnyHTTPSCertificateForHost:
2024-01-29 18:01:58.694 plugin-container[43159:551744] nil host used in call to allowsSpecificHTTPSCertificateForHost
2024-01-29 18:01:58.697 plugin-container[43159:551744] nil host used in call to allowsAnyHTTPSCertificateForHost:
2024-01-29 18:01:58.698 plugin-container[43159:551765] nil host used in call to allowsSpecificHTTPSCertificateForHost
2024-01-29 18:01:58.699 plugin-container[43159:551765] nil host used in call to allowsAnyHTTPSCertificateForHost:
console.warn: LoginRecipes: "Falling back to a synchronous message for: https://conduit.mate.academy."
console.warn: LoginRecipes: "Falling back to a synchronous message for: https://conduit.mate.academy."
JavaScript error: resource://gre/modules/XULStore.sys.mjs, line 60: Error: Can't find profile directory.
1706551342952	addons.xpi	ERROR	System addon update list error SyntaxError: XMLHttpRequest.open: 'http://%(server)s/dummy-system-addons.xml' is not a valid URL.
