1706267013741	geckodriver	INFO	Listening on 127.0.0.1:49974
1706267014259	mozrunner::runner	INFO	Running command: MOZ_CRASHREPORTER="1" MOZ_CRASHREPORTER_NO_REPORT="1" MOZ_CRASHREPORTER_SHUTDOWN="1" MOZ_NO_REMOTE="1" "/App ... s" "localhost" "-foreground" "-no-remote" "-profile" "/var/folders/xj/ryfqf_996gg4ztxq4sfr3t340000gn/T/rust_mozprofileIG6Lll"
console.warn: services.settings: Ignoring preference override of remote settings server
console.warn: services.settings: Allow by setting MOZ_REMOTE_SETTINGS_DEVTOOLS=1 in the environment
1706267014830	Marionette	INFO	Marionette enabled
console.error: "Warning: unrecognized command line flag" "-remote-allow-hosts"
1706267015510	Marionette	INFO	Listening on port 49991
WebDriver BiDi listening on ws://127.0.0.1:49975
Read port: 49991
2024-01-26 12:03:35.749 plugin-container[92546:912059] nil host used in call to allowsSpecificHTTPSCertificateForHost
2024-01-26 12:03:35.750 plugin-container[92546:912059] nil host used in call to allowsAnyHTTPSCertificateForHost:
2024-01-26 12:03:35.760 plugin-container[92546:912059] nil host used in call to allowsSpecificHTTPSCertificateForHost
2024-01-26 12:03:35.760 plugin-container[92546:912059] nil host used in call to allowsAnyHTTPSCertificateForHost:
2024-01-26 12:03:35.760 plugin-container[92546:912036] nil host used in call to allowsSpecificHTTPSCertificateForHost
2024-01-26 12:03:35.761 plugin-container[92546:912036] nil host used in call to allowsAnyHTTPSCertificateForHost:
1706267016087	RemoteAgent	WARN	TLS certificate errors will be ignored for this session
DevTools listening on ws://127.0.0.1:49975/devtools/browser/7043b39a-601f-448e-af8a-7631fa96195d
2024-01-26 11:03:38.318 plugin-container[92555:912274] nil host used in call to allowsSpecificHTTPSCertificateForHost
2024-01-26 11:03:38.318 plugin-container[92555:912274] nil host used in call to allowsAnyHTTPSCertificateForHost:
2024-01-26 11:03:38.326 plugin-container[92555:912274] nil host used in call to allowsSpecificHTTPSCertificateForHost
2024-01-26 11:03:38.327 plugin-container[92555:912274] nil host used in call to allowsAnyHTTPSCertificateForHost:
2024-01-26 11:03:38.327 plugin-container[92555:912294] nil host used in call to allowsSpecificHTTPSCertificateForHost
2024-01-26 11:03:38.327 plugin-container[92555:912294] nil host used in call to allowsAnyHTTPSCertificateForHost:
1706267042084	Marionette	INFO	Stopped listening on port 49991
