1706270754206	geckodriver	INFO	Listening on 127.0.0.1:65345
1706270754734	mozrunner::runner	INFO	Running command: MOZ_CRASHREPORTER="1" MOZ_CRASHREPORTER_NO_REPORT="1" MOZ_CRASHREPORTER_SHUTDOWN="1" MOZ_NO_REMOTE="1" "/App ... s" "localhost" "-foreground" "-no-remote" "-profile" "/var/folders/xj/ryfqf_996gg4ztxq4sfr3t340000gn/T/rust_mozprofile6pasOa"
console.warn: services.settings: Ignoring preference override of remote settings server
console.warn: services.settings: Allow by setting MOZ_REMOTE_SETTINGS_DEVTOOLS=1 in the environment
1706270755528	Marionette	INFO	Marionette enabled
console.error: "Warning: unrecognized command line flag" "-remote-allow-hosts"
1706270756282	Marionette	INFO	Listening on port 65365
WebDriver BiDi listening on ws://127.0.0.1:65346
Read port: 65365
1706270756803	RemoteAgent	WARN	TLS certificate errors will be ignored for this session
DevTools listening on ws://127.0.0.1:65346/devtools/browser/236554ae-6fdd-4284-a12f-b651404304ce
2024-01-26 12:06:00.055 plugin-container[6089:1028420] nil host used in call to allowsSpecificHTTPSCertificateForHost
2024-01-26 12:06:00.057 plugin-container[6089:1028420] nil host used in call to allowsAnyHTTPSCertificateForHost:
2024-01-26 12:06:00.064 plugin-container[6089:1028420] nil host used in call to allowsSpecificHTTPSCertificateForHost
2024-01-26 12:06:00.064 plugin-container[6089:1028420] nil host used in call to allowsAnyHTTPSCertificateForHost:
2024-01-26 12:06:00.065 plugin-container[6089:1028466] nil host used in call to allowsSpecificHTTPSCertificateForHost
2024-01-26 12:06:00.065 plugin-container[6089:1028466] nil host used in call to allowsAnyHTTPSCertificateForHost:
2024-01-26 13:06:00.157 plugin-container[6075:1028112] nil host used in call to allowsSpecificHTTPSCertificateForHost
2024-01-26 13:06:00.158 plugin-container[6075:1028112] nil host used in call to allowsAnyHTTPSCertificateForHost:
2024-01-26 13:06:00.167 plugin-container[6075:1028112] nil host used in call to allowsSpecificHTTPSCertificateForHost
2024-01-26 13:06:00.167 plugin-container[6075:1028112] nil host used in call to allowsAnyHTTPSCertificateForHost:
2024-01-26 13:06:00.173 plugin-container[6075:1028110] nil host used in call to allowsSpecificHTTPSCertificateForHost
2024-01-26 13:06:00.173 plugin-container[6075:1028110] nil host used in call to allowsAnyHTTPSCertificateForHost:
console.warn: LoginRecipes: "Falling back to a synchronous message for: https://conduit.mate.academy."
console.warn: LoginRecipes: "Falling back to a synchronous message for: https://conduit.mate.academy."
1706270785586	addons.xpi	ERROR	System addon update list error SyntaxError: XMLHttpRequest.open: 'http://%(server)s/dummy-system-addons.xml' is not a valid URL.
1706275341499	Marionette	INFO	Stopped listening on port 65365
